# vsim work.alu_testbench -l log_file.log -coverage -c -do "coverage save -onexit -codeAll coverage_file.ucdb; run -all; exit" 
# Start time: 15:39:24 on May 08,2026
# ** Note: (vsim-3813) Design is being optimized due to module recompilation...
# //  Questa Sim
# //  Version 10.6c linux Jul 25 2017
# //
# //  Copyright 1991-2017 Mentor Graphics Corporation
# //  All Rights Reserved.
# //
# //  QuestaSim and its associated documentation contain trade
# //  secrets and commercial or financial information that are the property of
# //  Mentor Graphics Corporation and are privileged, confidential,
# //  and exempt from disclosure under the Freedom of Information Act,
# //  5 U.S.C. Section 552. Furthermore, this information
# //  is prohibited from disclosure under the Trade Secrets Act,
# //  18 U.S.C. Section 1905.
# //
# Loading work.alu_testbench(fast)
# Loading work.Eight_bit_ALU_rtl_design(fast)
# Loading work.alu_reference_model(fast)
# ** Warning: (vsim-3015) alu_testbench.v(35): [PCDPC] - Port size (17) does not match connection size (9) for port 'RES'. The port definition is at: alu_reference_model.v(7).
#    Time: 0 ps  Iteration: 0  Instance: /alu_testbench/ref File: alu_reference_model.v
# coverage save -onexit -codeAll coverage_file.ucdb
#  run -all
# 
# === Testing Arithmetic Operations (MODE=1) ===
# [PASS]                                                                              ADD: OPA=0x0f OPB=0x11 CMD=0x0
# [FAIL]                                                                   ADD (overflow): OPA=0xff OPB=0x01 CMD=0x0
#   DUT: RES=0x0100 COUT=1 OFLOW=0 G=0 E=0 L=0 ERR=0
#   REF: RES=0x000 COUT=1 OFLOW=0 G=0 E=0 L=0 ERR=0
# [PASS]                                                                              SUB: OPA=0x20 OPB=0x10 CMD=0x1
# [FAIL]                                                                  SUB (underflow): OPA=0x10 OPB=0x20 CMD=0x1
#   DUT: RES=0xfff0 COUT=0 OFLOW=1 G=0 E=0 L=0 ERR=0
#   REF: RES=0x0f0 COUT=0 OFLOW=1 G=0 E=0 L=0 ERR=0
# [PASS]                                                                          ADD_CIN: OPA=0x10 OPB=0x20 CMD=0x2
# [PASS]                                                                          SUB_CIN: OPA=0x20 OPB=0x10 CMD=0x3
# [FAIL]                                                                          SUB_CIN: OPA=0x10 OPB=0x20 CMD=0x3
#   DUT: RES=0xffef COUT=0 OFLOW=1 G=0 E=0 L=0 ERR=0
#   REF: RES=0x0ef COUT=0 OFLOW=1 G=0 E=0 L=0 ERR=0
# [FAIL]                                                                            INC_A: OPA=0x0a OPB=0x00 CMD=0x4
#   DUT: RES=0x000b COUT=0 OFLOW=0 G=0 E=0 L=0 ERR=0
#   REF: RES=0x000 COUT=0 OFLOW=0 G=0 E=0 L=0 ERR=0
# [FAIL]                                                                            DEC_A: OPA=0x0a OPB=0x00 CMD=0x5
#   DUT: RES=0x0009 COUT=0 OFLOW=0 G=0 E=0 L=0 ERR=0
#   REF: RES=0x000 COUT=0 OFLOW=0 G=0 E=0 L=0 ERR=0
# [FAIL]                                                                            INC_B: OPA=0x0a OPB=0x00 CMD=0x6
#   DUT: RES=0x0001 COUT=0 OFLOW=0 G=0 E=0 L=0 ERR=0
#   REF: RES=0x000 COUT=0 OFLOW=0 G=0 E=0 L=0 ERR=0
# [FAIL]                                                                            DEC_B: OPA=0x0a OPB=0x00 CMD=0x7
#   DUT: RES=0xffff COUT=0 OFLOW=0 G=0 E=0 L=0 ERR=0
#   REF: RES=0x000 COUT=0 OFLOW=0 G=0 E=0 L=0 ERR=0
# [PASS]                                                                      CMP (equal): OPA=0x10 OPB=0x10 CMD=0x8
# [PASS]                                                                    CMP (greater): OPA=0x20 OPB=0x10 CMD=0x8
# [PASS]                                                                       CMP (less): OPA=0x10 OPB=0x20 CMD=0x8
# 
# === Testing Logical Operations (MODE=0) ===
# [PASS]                                                                              AND: OPA=0xf0 OPB=0x0f CMD=0x0
# [PASS]                                                                             NAND: OPA=0xf0 OPB=0x0f CMD=0x1
# [PASS]                                                                               OR: OPA=0xf0 OPB=0x0f CMD=0x2
# [PASS]                                                                              NOR: OPA=0xf0 OPB=0x0f CMD=0x3
# [PASS]                                                                              XOR: OPA=0xaa OPB=0x55 CMD=0x4
# [PASS]                                                                             XNOR: OPA=0xaa OPB=0x55 CMD=0x5
# [FAIL]                                                                            NOT_A: OPA=0xf0 OPB=0x00 CMD=0x6
#   DUT: RES=0x000f COUT=0 OFLOW=0 G=0 E=0 L=0 ERR=0
#   REF: RES=0x000 COUT=0 OFLOW=0 G=0 E=0 L=0 ERR=0
# [FAIL]                                                                            NOT_B: OPA=0x00 OPB=0xf0 CMD=0x7
#   DUT: RES=0x000f COUT=0 OFLOW=0 G=0 E=0 L=0 ERR=0
#   REF: RES=0x000 COUT=0 OFLOW=0 G=0 E=0 L=0 ERR=0
# [FAIL]                                                                           SHR1_A: OPA=0xaa OPB=0x00 CMD=0x8
#   DUT: RES=0x0055 COUT=0 OFLOW=0 G=0 E=0 L=0 ERR=0
#   REF: RES=0x000 COUT=0 OFLOW=0 G=0 E=0 L=0 ERR=0
# [FAIL]                                                                           SHL1_A: OPA=0x55 OPB=0x00 CMD=0x9
#   DUT: RES=0x00aa COUT=0 OFLOW=0 G=0 E=0 L=0 ERR=0
#   REF: RES=0x000 COUT=0 OFLOW=0 G=0 E=0 L=0 ERR=0
# [PASS]                                                                           SHR1_B: OPA=0xaa OPB=0x00 CMD=0xa
# [PASS]                                                                           SHL1_B: OPA=0x55 OPB=0x00 CMD=0xb
# [PASS]                                                                          ROL_A_B: OPA=0xaa OPB=0x03 CMD=0xc
# [PASS]                                                                          ROR_A_B: OPA=0xaa OPB=0x02 CMD=0xd
# 
# === TEST SUMMARY ===
# Total Tests: 28
# PASS: 17
# FAIL: 11
# 
# *** SOME TESTS FAILED ***
# 
# 
# === Testing Arithmetic Operations (MODE=1) ===
# [PASS]                                                                              ADD: OPA=0x0f OPB=0x11 CMD=0x0
# [PASS]                                                                   ADD (overflow): OPA=0xff OPB=0x01 CMD=0x0
# [PASS]                                                                              SUB: OPA=0x20 OPB=0x10 CMD=0x1
# [PASS]                                                                  SUB (underflow): OPA=0x10 OPB=0x20 CMD=0x1
# [PASS]                                                                          ADD_CIN: OPA=0x10 OPB=0x20 CMD=0x2
# [PASS]                                                                          SUB_CIN: OPA=0x20 OPB=0x10 CMD=0x3
# [PASS]                                                                          SUB_CIN: OPA=0x10 OPB=0x20 CMD=0x3
# [PASS]                                                                            INC_A: OPA=0x0a OPB=0x00 CMD=0x4
# [PASS]                                                                            DEC_A: OPA=0x0a OPB=0x00 CMD=0x5
# [PASS]                                                                            INC_B: OPA=0x0a OPB=0x00 CMD=0x6
# [PASS]                                                                            DEC_B: OPA=0x0a OPB=0x00 CMD=0x7
# [PASS]                                                                      CMP (equal): OPA=0x10 OPB=0x10 CMD=0x8
# [PASS]                                                                    CMP (greater): OPA=0x20 OPB=0x10 CMD=0x8
# [PASS]                                                                       CMP (less): OPA=0x10 OPB=0x20 CMD=0x8
# 
# === Testing Logical Operations (MODE=0) ===
# [PASS]                                                                              AND: OPA=0xf0 OPB=0x0f CMD=0x0
# [PASS]                                                                             NAND: OPA=0xf0 OPB=0x0f CMD=0x1
# [PASS]                                                                               OR: OPA=0xf0 OPB=0x0f CMD=0x2
# [PASS]                                                                              NOR: OPA=0xf0 OPB=0x0f CMD=0x3
# [PASS]                                                                              XOR: OPA=0xaa OPB=0x55 CMD=0x4
# [PASS]                                                                             XNOR: OPA=0xaa OPB=0x55 CMD=0x5
# [PASS]                                                                            NOT_A: OPA=0xf0 OPB=0x00 CMD=0x6
# [PASS]                                                                            NOT_B: OPA=0x00 OPB=0xf0 CMD=0x7
# [PASS]                                                                           SHR1_A: OPA=0xaa OPB=0x00 CMD=0x8
# [PASS]                                                                           SHL1_A: OPA=0x55 OPB=0x00 CMD=0x9
# [PASS]                                                                           SHR1_B: OPA=0xaa OPB=0x00 CMD=0xa
# [PASS]                                                                           SHL1_B: OPA=0x55 OPB=0x00 CMD=0xb
# [PASS]                                                                          ROL_A_B: OPA=0xaa OPB=0x03 CMD=0xc
# [PASS]                                                                          ROR_A_B: OPA=0xaa OPB=0x02 CMD=0xd
# 
# === TEST SUMMARY ===
# Total Tests: 56
# PASS: 45
# FAIL: 11
# 
# *** SOME TESTS FAILED ***
# 
# ** Note: $finish    : alu_testbench.v(121)
#    Time: 1945 ns  Iteration: 0  Instance: /alu_testbench
# Saving coverage database on exit...
# End time: 15:39:25 on May 08,2026, Elapsed time: 0:00:01
# Errors: 0, Warnings: 1
